<?xml version="1.0" encoding="UTF-8"?>
<!-- Generated by org.testng.reporters.JUnitReportReporter -->
<testsuite hostname="Kashs-MacBook-Air.local" failures="0" tests="1" name="AmazonWaitsTest" time="7.046" errors="0" timestamp="2022-07-25T17:50:51 EDT" skipped="0">
  <testcase classname="AmazonWaitsTest" name="verifyTitleOfHomePage" time="7.046"/>
  <system-out/>
</testsuite> <!-- AmazonWaitsTest -->
