<?xml version="1.0" encoding="UTF-8"?>
<!-- Generated by org.testng.reporters.JUnitReportReporter -->
<testsuite hostname="Kashs-MacBook-Air.local" failures="0" tests="1" name="guru99tests.HomePageTests" time="8.484" errors="0" timestamp="2022-07-21T23:33:14 EDT" skipped="0">
  <testcase classname="guru99tests.HomePageTests" name="verifyLogin" time="8.484"/>
  <system-out/>
</testsuite> <!-- guru99tests.HomePageTests -->
