<?xml version="1.0" encoding="UTF-8"?>
<!-- Generated by org.testng.reporters.JUnitReportReporter -->
<testsuite hostname="Kashs-MacBook-Air.local" failures="0" tests="1" name="WaitTests.FlipkartImplicitWaitTest" time="3.311" errors="0" timestamp="2022-07-25T23:14:23 EDT" skipped="0">
  <testcase classname="WaitTests.FlipkartImplicitWaitTest" name="mouseHover" time="3.311"/>
  <system-out/>
</testsuite> <!-- WaitTests.FlipkartImplicitWaitTest -->
