<?xml version="1.0" encoding="UTF-8"?>
<!-- Generated by org.testng.reporters.JUnitReportReporter -->
<testsuite hostname="Kashs-MacBook-Air.local" failures="0" tests="1" name="ECommerceWaitTest" time="1.696" errors="0" timestamp="2022-07-25T21:30:53 EDT" skipped="0">
  <testcase classname="ECommerceWaitTest" name="mouseHover" time="1.696"/>
  <system-out/>
</testsuite> <!-- ECommerceWaitTest -->
